[     139ms] [LOG] [Fast Refresh] rebuilding @ http://localhost:3000/_next/static/chunks/node_modules_next_dist_115brz8._.js:2431
[     150ms] [LOG] [Fast Refresh] done in 125ms @ http://localhost:3000/_next/static/chunks/node_modules_next_dist_115brz8._.js:2431
[     356ms] [INFO] %cDownload the React DevTools for a better development experience: https://react.dev/link/react-devtools font-weight:bold @ http://localhost:3000/_next/static/chunks/node_modules_next_dist_115brz8._.js:2431
[     431ms] [LOG] [HMR] connected @ http://localhost:3000/_next/static/chunks/node_modules_next_dist_115brz8._.js:2431
[    1597ms] [WARNING] Please ensure that the container has a non-static position, like 'relative', 'fixed', or 'absolute' to ensure scroll offset is calculated correctly. @ http://localhost:3000/_next/static/chunks/node_modules_next_dist_115brz8._.js:2431
[  317288ms] [LOG] [Fast Refresh] rebuilding @ http://localhost:3000/_next/static/chunks/node_modules_next_dist_115brz8._.js:2431
[  317376ms] [LOG] [Fast Refresh] done in 188ms @ http://localhost:3000/_next/static/chunks/node_modules_next_dist_115brz8._.js:2431
[  319157ms] [LOG] [Fast Refresh] rebuilding @ http://localhost:3000/_next/static/chunks/node_modules_next_dist_115brz8._.js:2431
[  319171ms] [LOG] [Fast Refresh] done in 126ms @ http://localhost:3000/_next/static/chunks/node_modules_next_dist_115brz8._.js:2431
[  322724ms] [LOG] [Fast Refresh] rebuilding @ http://localhost:3000/_next/static/chunks/node_modules_next_dist_115brz8._.js:2431
[  322766ms] [LOG] [Fast Refresh] done in 154ms @ http://localhost:3000/_next/static/chunks/node_modules_next_dist_115brz8._.js:2431
[  335995ms] [LOG] [Fast Refresh] rebuilding @ http://localhost:3000/_next/static/chunks/node_modules_next_dist_115brz8._.js:2431
[  335998ms] [LOG] [Fast Refresh] done in 113ms @ http://localhost:3000/_next/static/chunks/node_modules_next_dist_115brz8._.js:2431
[  387544ms] [ERROR] Error: <path> attribute d: Expected number, "…72 46.630 0 0 0 0. ". @ :11
[  387545ms] [ERROR] Error: <path> attribute d: Unexpected end of attribute. Expected number, "…-93.260 l 0.000 ". @ :11
[  387547ms] [ERROR] Error: <path> attribute d: Expected number, "…72 46.630 0 0 0 0. ". @ :11
[  387548ms] [ERROR] Error: <path> attribute d: Unexpected end of attribute. Expected number, "…-93.260 l 0.000 ". @ :11
[  387550ms] [ERROR] Error: <path> attribute d: Expected number, "…72 46.630 0 0 0 0. ". @ :11
[  387551ms] [ERROR] Error: <path> attribute d: Unexpected end of attribute. Expected number, "…-93.260 l 0.000 ". @ :11
[  387553ms] [ERROR] Error: <path> attribute d: Expected number, "…72 46.630 0 0 0 0. ". @ :11
[  387553ms] [ERROR] Error: <path> attribute d: Unexpected end of attribute. Expected number, "…-93.260 l 0.000 ". @ :11
[  387556ms] [ERROR] Error: <path> attribute d: Expected number, "…72 46.630 0 0 0 0. ". @ :11
[  387557ms] [ERROR] Error: <path> attribute d: Unexpected end of attribute. Expected number, "…-93.260 l 0.000 ". @ :11
[  387559ms] [ERROR] Error: <path> attribute d: Expected number, "…72 46.630 0 0 0 0. ". @ :11
[  387560ms] [ERROR] Error: <path> attribute d: Unexpected end of attribute. Expected number, "…-93.260 l 0.000 ". @ :11
[  387562ms] [ERROR] Error: <path> attribute d: Expected number, "…72 46.630 0 0 0 0. ". @ :11
[  387563ms] [ERROR] Error: <path> attribute d: Unexpected end of attribute. Expected number, "…-93.260 l 0.000 ". @ :11
[  387565ms] [ERROR] Error: <path> attribute d: Expected number, "…72 46.630 0 0 0 0. ". @ :11
[  387565ms] [ERROR] Error: <path> attribute d: Unexpected end of attribute. Expected number, "…-93.260 l 0.000 ". @ :11
[  387567ms] [ERROR] Error: <path> attribute d: Expected number, "…72 46.630 0 0 0 0. ". @ :11
[  387567ms] [ERROR] Error: <path> attribute d: Unexpected end of attribute. Expected number, "…-93.260 l 0.000 ". @ :11
[  387570ms] [ERROR] Error: <path> attribute d: Expected number, "…72 46.630 0 0 0 0. ". @ :11
[  387570ms] [ERROR] Error: <path> attribute d: Unexpected end of attribute. Expected number, "…-93.260 l 0.000 ". @ :11
[  387572ms] [ERROR] Error: <path> attribute d: Expected number, "…72 46.630 0 0 0 0. ". @ :11
[  387573ms] [ERROR] Error: <path> attribute d: Unexpected end of attribute. Expected number, "…-93.260 l 0.000 ". @ :11
[  387575ms] [ERROR] Error: <path> attribute d: Expected number, "…72 46.630 0 0 0 0. ". @ :11
[  387575ms] [ERROR] Error: <path> attribute d: Unexpected end of attribute. Expected number, "…-93.260 l 0.000 ". @ :11
[  387577ms] [ERROR] Error: <path> attribute d: Expected number, "…72 46.630 0 0 0 0. ". @ :11
[  387577ms] [ERROR] Error: <path> attribute d: Unexpected end of attribute. Expected number, "…-93.260 l 0.000 ". @ :11
[  387579ms] [ERROR] Error: <path> attribute d: Expected number, "…72 46.630 0 0 0 0. ". @ :11
[  387580ms] [ERROR] Error: <path> attribute d: Unexpected end of attribute. Expected number, "…-93.260 l 0.000 ". @ :11
[  387582ms] [ERROR] Error: <path> attribute d: Expected number, "…72 46.630 0 0 0 0. ". @ :11
[  387582ms] [ERROR] Error: <path> attribute d: Unexpected end of attribute. Expected number, "…-93.260 l 0.000 ". @ :11
[  387584ms] [ERROR] Error: <path> attribute d: Expected number, "…72 46.630 0 0 0 0. ". @ :11
[  387585ms] [ERROR] Error: <path> attribute d: Unexpected end of attribute. Expected number, "…-93.260 l 0.000 ". @ :11
[  387587ms] [ERROR] Error: <path> attribute d: Expected number, "…72 46.630 0 0 0 0. ". @ :11
[  387587ms] [ERROR] Error: <path> attribute d: Unexpected end of attribute. Expected number, "…-93.260 l 0.000 ". @ :11
[  387589ms] [ERROR] Error: <path> attribute d: Expected number, "…72 46.630 0 0 0 0. ". @ :11
[  387590ms] [ERROR] Error: <path> attribute d: Unexpected end of attribute. Expected number, "…-93.260 l 0.000 ". @ :11
[  387592ms] [ERROR] Error: <path> attribute d: Expected number, "…72 46.630 0 0 0 0. ". @ :11
[  387592ms] [ERROR] Error: <path> attribute d: Unexpected end of attribute. Expected number, "…-93.260 l 0.000 ". @ :11
[  387594ms] [ERROR] Error: <path> attribute d: Expected number, "…72 46.630 0 0 0 0. ". @ :11
[  387594ms] [ERROR] Error: <path> attribute d: Unexpected end of attribute. Expected number, "…-93.260 l 0.000 ". @ :11
[  387596ms] [ERROR] Error: <path> attribute d: Expected number, "…72 46.630 0 0 0 0. ". @ :11
[  387597ms] [ERROR] Error: <path> attribute d: Unexpected end of attribute. Expected number, "…-93.260 l 0.000 ". @ :11
[  387598ms] [ERROR] Error: <path> attribute d: Expected number, "…72 46.630 0 0 0 0. ". @ :11
[  387599ms] [ERROR] Error: <path> attribute d: Unexpected end of attribute. Expected number, "…-93.260 l 0.000 ". @ :11
[  387601ms] [ERROR] Error: <path> attribute d: Expected number, "…72 46.630 0 0 0 0. ". @ :11
[  387601ms] [ERROR] Error: <path> attribute d: Unexpected end of attribute. Expected number, "…-93.260 l 0.000 ". @ :11
[  387603ms] [ERROR] Error: <path> attribute d: Expected number, "…72 46.630 0 0 0 0. ". @ :11
[  387604ms] [ERROR] Error: <path> attribute d: Unexpected end of attribute. Expected number, "…-93.260 l 0.000 ". @ :11
[  387606ms] [ERROR] Error: <path> attribute d: Expected number, "…72 46.630 0 0 0 0. ". @ :11
[  387606ms] [ERROR] Error: <path> attribute d: Unexpected end of attribute. Expected number, "…-93.260 l 0.000 ". @ :11
[  387608ms] [ERROR] Error: <path> attribute d: Expected number, "…72 46.630 0 0 0 0. ". @ :11
[  387609ms] [ERROR] Error: <path> attribute d: Unexpected end of attribute. Expected number, "…-93.260 l 0.000 ". @ :11
[  387611ms] [ERROR] Error: <path> attribute d: Expected number, "…72 46.630 0 0 0 0. ". @ :11
[  387611ms] [ERROR] Error: <path> attribute d: Unexpected end of attribute. Expected number, "…-93.260 l 0.000 ". @ :11
[  387613ms] [ERROR] Error: <path> attribute d: Expected number, "…72 46.630 0 0 0 0. ". @ :11
[  387613ms] [ERROR] Error: <path> attribute d: Unexpected end of attribute. Expected number, "…-93.260 l 0.000 ". @ :11
[  387615ms] [ERROR] Error: <path> attribute d: Expected number, "…72 46.630 0 0 0 0. ". @ :11
[  387616ms] [ERROR] Error: <path> attribute d: Unexpected end of attribute. Expected number, "…-93.260 l 0.000 ". @ :11
[  387618ms] [ERROR] Error: <path> attribute d: Expected number, "…72 46.630 0 0 0 0. ". @ :11
[  387618ms] [ERROR] Error: <path> attribute d: Unexpected end of attribute. Expected number, "…-93.260 l 0.000 ". @ :11
[  387620ms] [ERROR] Error: <path> attribute d: Expected number, "…72 46.630 0 0 0 0. ". @ :11
[  387621ms] [ERROR] Error: <path> attribute d: Unexpected end of attribute. Expected number, "…-93.260 l 0.000 ". @ :11
[  387622ms] [ERROR] Error: <path> attribute d: Expected number, "…72 46.630 0 0 0 0. ". @ :11
[  387623ms] [ERROR] Error: <path> attribute d: Unexpected end of attribute. Expected number, "…-93.260 l 0.000 ". @ :11
[  387625ms] [ERROR] Error: <path> attribute d: Expected number, "…72 46.630 0 0 0 0. ". @ :11
[  387625ms] [ERROR] Error: <path> attribute d: Unexpected end of attribute. Expected number, "…-93.260 l 0.000 ". @ :11
[  387627ms] [ERROR] Error: <path> attribute d: Expected number, "…72 46.630 0 0 0 0. ". @ :11
[  387627ms] [ERROR] Error: <path> attribute d: Unexpected end of attribute. Expected number, "…-93.260 l 0.000 ". @ :11
[  387629ms] [ERROR] Error: <path> attribute d: Expected number, "…72 46.630 0 0 0 0. ". @ :11
[  387629ms] [ERROR] Error: <path> attribute d: Unexpected end of attribute. Expected number, "…-93.260 l 0.000 ". @ :11
[  387631ms] [ERROR] Error: <path> attribute d: Expected number, "…72 46.630 0 0 0 0. ". @ :11
[  387631ms] [ERROR] Error: <path> attribute d: Unexpected end of attribute. Expected number, "…-93.260 l 0.000 ". @ :11
[  387632ms] [ERROR] Error: <path> attribute d: Expected number, "…72 46.630 0 0 0 0. ". @ :11
[  387633ms] [ERROR] Error: <path> attribute d: Unexpected end of attribute. Expected number, "…-93.260 l 0.000 ". @ :11
[  387634ms] [ERROR] Error: <path> attribute d: Expected number, "…72 46.630 0 0 0 0. ". @ :11
[  387634ms] [ERROR] Error: <path> attribute d: Unexpected end of attribute. Expected number, "…-93.260 l 0.000 ". @ :11
[  387635ms] [ERROR] Error: <path> attribute d: Expected number, "…72 46.630 0 0 0 0. ". @ :11
[  387636ms] [ERROR] Error: <path> attribute d: Unexpected end of attribute. Expected number, "…-93.260 l 0.000 ". @ :11
[  387637ms] [ERROR] Error: <path> attribute d: Expected number, "…72 46.630 0 0 0 0. ". @ :11
[  387637ms] [ERROR] Error: <path> attribute d: Unexpected end of attribute. Expected number, "…-93.260 l 0.000 ". @ :11
[  387638ms] [ERROR] Error: <path> attribute d: Expected number, "…72 46.630 0 0 0 0. ". @ :11
[  387639ms] [ERROR] Error: <path> attribute d: Unexpected end of attribute. Expected number, "…-93.260 l 0.000 ". @ :11
[  387640ms] [ERROR] Error: <path> attribute d: Expected number, "…72 46.630 0 0 0 0. ". @ :11
[  387640ms] [ERROR] Error: <path> attribute d: Unexpected end of attribute. Expected number, "…-93.260 l 0.000 ". @ :11
[  387642ms] [ERROR] Error: <path> attribute d: Expected number, "…72 46.630 0 0 0 0. ". @ :11
[  387642ms] [ERROR] Error: <path> attribute d: Unexpected end of attribute. Expected number, "…-93.260 l 0.000 ". @ :11
[  387642ms] [ERROR] Error: <path> attribute d: Expected number, "…72 46.630 0 0 0 0. ". @ :11
[  387642ms] [ERROR] Error: <path> attribute d: Unexpected end of attribute. Expected number, "…-93.260 l 0.000 ". @ :11
[  387643ms] [ERROR] Error: <path> attribute d: Expected number, "…72 46.630 0 0 0 0. ". @ :11
[  387643ms] [ERROR] Error: <path> attribute d: Unexpected end of attribute. Expected number, "…-93.260 l 0.000 ". @ :11
[  387644ms] [ERROR] Error: <path> attribute d: Expected number, "…72 46.630 0 0 0 0. ". @ :11
[  387644ms] [ERROR] Error: <path> attribute d: Unexpected end of attribute. Expected number, "…-93.260 l 0.000 ". @ :11
[  387645ms] [ERROR] Error: <path> attribute d: Expected number, "…72 46.630 0 0 0 0. ". @ :11
[  387645ms] [ERROR] Error: <path> attribute d: Unexpected end of attribute. Expected number, "…-93.260 l 0.000 ". @ :11
[  387646ms] [ERROR] Error: <path> attribute d: Expected number, "…72 46.630 0 0 0 0. ". @ :11
[  387646ms] [ERROR] Error: <path> attribute d: Unexpected end of attribute. Expected number, "…-93.260 l 0.000 ". @ :11
[  387647ms] [ERROR] Error: <path> attribute d: Expected number, "…72 46.630 0 0 0 0. ". @ :11
[  387647ms] [ERROR] Error: <path> attribute d: Unexpected end of attribute. Expected number, "…-93.260 l 0.000 ". @ :11
[  387648ms] [ERROR] Error: <path> attribute d: Expected number, "…72 46.630 0 0 0 0. ". @ :11
[  387648ms] [ERROR] Error: <path> attribute d: Unexpected end of attribute. Expected number, "…-93.260 l 0.000 ". @ :11
[  387649ms] [ERROR] Error: <path> attribute d: Expected number, "…72 46.630 0 0 0 0. ". @ :11
[  387649ms] [ERROR] Error: <path> attribute d: Unexpected end of attribute. Expected number, "…-93.260 l 0.000 ". @ :11
[  387650ms] [ERROR] Error: <path> attribute d: Expected number, "…72 46.630 0 0 0 0. ". @ :11
[  387650ms] [ERROR] Error: <path> attribute d: Unexpected end of attribute. Expected number, "…-93.260 l 0.000 ". @ :11
[  387651ms] [ERROR] Error: <path> attribute d: Expected number, "…72 46.630 0 0 0 0. ". @ :11
[  387651ms] [ERROR] Error: <path> attribute d: Unexpected end of attribute. Expected number, "…-93.260 l 0.000 ". @ :11
[  387652ms] [ERROR] Error: <path> attribute d: Expected number, "…72 46.630 0 0 0 0. ". @ :11
[  387652ms] [ERROR] Error: <path> attribute d: Unexpected end of attribute. Expected number, "…-93.260 l 0.000 ". @ :11
[  387653ms] [ERROR] Error: <path> attribute d: Expected number, "…72 46.630 0 0 0 0. ". @ :11
[  387653ms] [ERROR] Error: <path> attribute d: Unexpected end of attribute. Expected number, "…-93.260 l 0.000 ". @ :11
[  387653ms] [ERROR] Error: <path> attribute d: Expected number, "…72 46.630 0 0 0 0. ". @ :11
[  387653ms] [ERROR] Error: <path> attribute d: Unexpected end of attribute. Expected number, "…-93.260 l 0.000 ". @ :11
[  387654ms] [ERROR] Error: <path> attribute d: Expected number, "…72 46.630 0 0 0 0. ". @ :11
[  387655ms] [ERROR] Error: <path> attribute d: Unexpected end of attribute. Expected number, "…-93.260 l 0.000 ". @ :11
[  387656ms] [ERROR] Error: <path> attribute d: Expected number, "…72 46.630 0 0 0 0. ". @ :11
[  387656ms] [ERROR] Error: <path> attribute d: Unexpected end of attribute. Expected number, "…-93.260 l 0.000 ". @ :11
[  387657ms] [ERROR] Error: <path> attribute d: Expected number, "…72 46.630 0 0 0 0. ". @ :11
[  387658ms] [ERROR] Error: <path> attribute d: Unexpected end of attribute. Expected number, "…-93.260 l 0.000 ". @ :11
[  387658ms] [ERROR] Error: <path> attribute d: Expected number, "…72 46.630 0 0 0 0. ". @ :11
[  387658ms] [ERROR] Error: <path> attribute d: Unexpected end of attribute. Expected number, "…-93.260 l 0.000 ". @ :11
