[     136ms] [LOG] [Fast Refresh] rebuilding @ http://localhost:3000/_next/static/chunks/node_modules_next_dist_115brz8._.js:2431
[     300ms] [LOG] [Fast Refresh] done in 267ms @ http://localhost:3000/_next/static/chunks/node_modules_next_dist_115brz8._.js:2431
[     541ms] [INFO] %cDownload the React DevTools for a better development experience: https://react.dev/link/react-devtools font-weight:bold @ http://localhost:3000/_next/static/chunks/node_modules_next_dist_115brz8._.js:2431
[     607ms] [LOG] [HMR] connected @ http://localhost:3000/_next/static/chunks/node_modules_next_dist_115brz8._.js:2431
[   14631ms] [WARNING] Detected `scroll-behavior: smooth` on the `<html>` element. To disable smooth scrolling during route transitions, add `data-scroll-behavior="smooth"` to your <html> element. Learn more: https://nextjs.org/docs/messages/missing-data-scroll-behavior @ http://localhost:3000/_next/static/chunks/node_modules_next_dist_115brz8._.js:2431
[   14643ms] [LOG] [V18Preloader] effect run; STATE= idle flag= 1 @ http://localhost:3000/_next/static/chunks/node_modules_next_dist_115brz8._.js:2431
[   14646ms] [LOG] [V18Preloader] replay flag consumed; STATE reset to idle @ http://localhost:3000/_next/static/chunks/node_modules_next_dist_115brz8._.js:2431
[   14648ms] [LOG] [V18Preloader] starting timeline @ http://localhost:3000/_next/static/chunks/node_modules_next_dist_115brz8._.js:2431
[   14671ms] [LOG] [V18Preloader] effect run; STATE= idle flag= null @ http://localhost:3000/_next/static/chunks/node_modules_next_dist_115brz8._.js:2431
[   14672ms] [LOG] [V18Preloader] starting timeline @ http://localhost:3000/_next/static/chunks/node_modules_next_dist_115brz8._.js:2431
[   19344ms] [LOG] [V18Preloader] effect run; STATE= done flag= null @ http://localhost:3000/_next/static/chunks/node_modules_next_dist_115brz8._.js:2431
[   19348ms] [LOG] [V18Preloader] STATE done — skipping to hero @ http://localhost:3000/_next/static/chunks/node_modules_next_dist_115brz8._.js:2431
[  134873ms] [LOG] [Fast Refresh] rebuilding @ http://localhost:3000/_next/static/chunks/node_modules_next_dist_115brz8._.js:2431
[  134929ms] [LOG] [V18Preloader] effect run; STATE= idle flag= null @ http://localhost:3000/_next/static/chunks/node_modules_next_dist_115brz8._.js:2431
[  134935ms] [LOG] [V18Preloader] starting timeline @ http://localhost:3000/_next/static/chunks/node_modules_next_dist_115brz8._.js:2431
[  134947ms] [LOG] [Fast Refresh] done in 119ms @ http://localhost:3000/_next/static/chunks/node_modules_next_dist_115brz8._.js:2431
[  135062ms] [LOG] [Fast Refresh] rebuilding @ http://localhost:3000/_next/static/chunks/node_modules_next_dist_115brz8._.js:2431
[  135113ms] [LOG] [Fast Refresh] done in 155ms @ http://localhost:3000/_next/static/chunks/node_modules_next_dist_115brz8._.js:2431
[  135227ms] [LOG] [V18Preloader] effect run; STATE= idle flag= null @ http://localhost:3000/_next/static/chunks/node_modules_next_dist_115brz8._.js:2431
[  135229ms] [LOG] [V18Preloader] starting timeline @ http://localhost:3000/_next/static/chunks/node_modules_next_dist_115brz8._.js:2431
[  136371ms] [LOG] [Fast Refresh] rebuilding @ http://localhost:3000/_next/static/chunks/node_modules_next_dist_115brz8._.js:2431
[  136533ms] [LOG] [Fast Refresh] done in 75ms @ http://localhost:3000/_next/static/chunks/node_modules_next_dist_115brz8._.js:2431
[  136699ms] [LOG] [V18Preloader] effect run; STATE= idle flag= null @ http://localhost:3000/_next/static/chunks/node_modules_next_dist_115brz8._.js:2431
[  136700ms] [LOG] [V18Preloader] starting timeline @ http://localhost:3000/_next/static/chunks/node_modules_next_dist_115brz8._.js:2431
[  138375ms] [LOG] [Fast Refresh] rebuilding @ http://localhost:3000/_next/static/chunks/node_modules_next_dist_115brz8._.js:2431
[  138404ms] [ERROR] The final argument passed to %s changed size between renders. The order and size of this array must remain constant.

Previous: %s
Incoming: %s useEffect [()=>setBooted(true)] [] @ http://localhost:3000/_next/static/chunks/node_modules_next_dist_115brz8._.js:3272
[  138410ms] [LOG] [Fast Refresh] done in 100ms @ http://localhost:3000/_next/static/chunks/node_modules_next_dist_115brz8._.js:2431
[  138534ms] [LOG] [Fast Refresh] rebuilding @ http://localhost:3000/_next/static/chunks/node_modules_next_dist_115brz8._.js:2431
[  138554ms] [LOG] [Fast Refresh] done in 124ms @ http://localhost:3000/_next/static/chunks/node_modules_next_dist_115brz8._.js:2431
[  138662ms] [LOG] [Fast Refresh] rebuilding @ http://localhost:3000/_next/static/chunks/node_modules_next_dist_115brz8._.js:2431
[  138717ms] [LOG] [Fast Refresh] done in 162ms @ http://localhost:3000/_next/static/chunks/node_modules_next_dist_115brz8._.js:2431
